The system is: Linux - 3.10.0-1127.10.1.el7.x86_64 - x86_64
Compiling the C compiler identification source file "CMakeCCompilerId.c" succeeded.
Compiler: /home/liuwenxin/local/ENV/clang+llvm/bin/clang 
Build flags: 
Id flags:  

The output was:
0


Compilation of the C compiler identification source "CMakeCCompilerId.c" produced "a.out"

The C compiler identification is Clang, found in "/home/liuwenxin/git/Percona-tool/id-increment/part-coordinator/build/CMakeFiles/3.19.2/CompilerIdC/a.out"

Compiling the CXX compiler identification source file "CMakeCXXCompilerId.cpp" succeeded.
Compiler: /home/liuwenxin/local/ENV/clang+llvm/bin/clang++ 
Build flags: 
Id flags:  

The output was:
0


Compilation of the CXX compiler identification source "CMakeCXXCompilerId.cpp" produced "a.out"

The CXX compiler identification is Clang, found in "/home/liuwenxin/git/Percona-tool/id-increment/part-coordinator/build/CMakeFiles/3.19.2/CompilerIdCXX/a.out"

Detecting C compiler ABI info compiled with the following output:
Change Dir: /home/liuwenxin/git/Percona-tool/id-increment/part-coordinator/build/CMakeFiles/CMakeTmp

Run Build Command(s):/usr/bin/gmake cmTC_071af/fast && /usr/bin/gmake  -f CMakeFiles/cmTC_071af.dir/build.make CMakeFiles/cmTC_071af.dir/build
gmake[1]: Entering directory `/home/liuwenxin/git/Percona-tool/id-increment/part-coordinator/build/CMakeFiles/CMakeTmp'
Building C object CMakeFiles/cmTC_071af.dir/CMakeCCompilerABI.c.o
/home/liuwenxin/local/ENV/clang+llvm/bin/clang   -v -o CMakeFiles/cmTC_071af.dir/CMakeCCompilerABI.c.o -c /home/liuwenxin/local/ENV/cmake-install/share/cmake-3.19/Modules/CMakeCCompilerABI.c
clang version 10.0.0 
Target: x86_64-unknown-linux-gnu
Thread model: posix
InstalledDir: /home/liuwenxin/local/ENV/clang+llvm/bin
Found candidate GCC installation: /opt/rh/devtoolset-7/root/usr/lib/gcc/x86_64-redhat-linux/7
Found candidate GCC installation: /usr/lib/gcc/x86_64-redhat-linux/4.8.2
Found candidate GCC installation: /usr/lib/gcc/x86_64-redhat-linux/4.8.5
Selected GCC installation: /opt/rh/devtoolset-7/root/usr/lib/gcc/x86_64-redhat-linux/7
Candidate multilib: .;@m64
Candidate multilib: 32;@m32
Selected multilib: .;@m64
 (in-process)
 "/home/liuwenxin/local/ENV/clang+llvm/bin/clang" -cc1 -triple x86_64-unknown-linux-gnu -emit-obj -mrelax-all -disable-free -disable-llvm-verifier -discard-value-names -main-file-name CMakeCCompilerABI.c -mrelocation-model static -mthread-model posix -mframe-pointer=all -fmath-errno -fno-rounding-math -masm-verbose -mconstructor-aliases -munwind-tables -target-cpu x86-64 -dwarf-column-info -fno-split-dwarf-inlining -debugger-tuning=gdb -v -resource-dir /home/liuwenxin/local/ENV/clang+llvm/lib/clang/10.0.0 -c-isystem /home/liuwenxin/Percona/brpc_env/openssl_1_0_2k-installa/include/ -c-isystem /home/liuwenxin/Percona/brpc_env/gflags-install/include/ -c-isystem /home/liuwenxin/Percona/brpc_env/leveldb-install/include/ -c-isystem /home/liuwenxin/Percona/brpc_env/protobuf-install/include/ -c-isystem /home/liuwenxin/Percona/brpc_env/openssl_1_0_2k-installa/include/ -c-isystem /home/liuwenxin/Percona/brpc_env/gflags-install/include/ -c-isystem /home/liuwenxin/Percona/brpc_env/leveldb-install/include/ -c-isystem /home/liuwenxin/Percona/brpc_env/protobuf-install/include/ -c-isystem . -cxx-isystem /home/liuwenxin/Percona/brpc_env/openssl_1_0_2k-installa/include/ -cxx-isystem /home/liuwenxin/Percona/brpc_env/gflags-install/include/ -cxx-isystem /home/liuwenxin/Percona/brpc_env/leveldb-install/include/ -cxx-isystem /home/liuwenxin/Percona/brpc_env/protobuf-install/include/ -cxx-isystem /home/liuwenxin/Percona/brpc_env/openssl_1_0_2k-installa/include/ -cxx-isystem /home/liuwenxin/Percona/brpc_env/gflags-install/include/ -cxx-isystem /home/liuwenxin/Percona/brpc_env/leveldb-install/include/ -cxx-isystem /home/liuwenxin/Percona/brpc_env/protobuf-install/include/ -cxx-isystem . -internal-isystem /usr/local/include -internal-isystem /home/liuwenxin/local/ENV/clang+llvm/lib/clang/10.0.0/include -internal-externc-isystem /include -internal-externc-isystem /usr/include -fdebug-compilation-dir /home/liuwenxin/git/Percona-tool/id-increment/part-coordinator/build/CMakeFiles/CMakeTmp -ferror-limit 19 -fmessage-length 0 -fgnuc-version=4.2.1 -fobjc-runtime=gcc -fdiagnostics-show-option -faddrsig -o CMakeFiles/cmTC_071af.dir/CMakeCCompilerABI.c.o -x c /home/liuwenxin/local/ENV/cmake-install/share/cmake-3.19/Modules/CMakeCCompilerABI.c
clang -cc1 version 10.0.0 based upon LLVM 10.0.0 default target x86_64-unknown-linux-gnu
ignoring nonexistent directory "/home/liuwenxin/Percona/brpc_env/openssl_1_0_2k-installa/include/"
ignoring nonexistent directory "/home/liuwenxin/Percona/brpc_env/openssl_1_0_2k-installa/include/"
ignoring nonexistent directory "/home/liuwenxin/Percona/brpc_env/openssl_1_0_2k-installa/include/"
ignoring nonexistent directory "/home/liuwenxin/Percona/brpc_env/openssl_1_0_2k-installa/include/"
ignoring nonexistent directory "/include"
ignoring duplicate directory "/home/liuwenxin/Percona/brpc_env/gflags-install/include"
ignoring duplicate directory "/home/liuwenxin/Percona/brpc_env/leveldb-install/include"
ignoring duplicate directory "/home/liuwenxin/Percona/brpc_env/protobuf-install/include"
#include "..." search starts here:
#include <...> search starts here:
 /home/liuwenxin/Percona/brpc_env/gflags-install/include
 /home/liuwenxin/Percona/brpc_env/leveldb-install/include
 /home/liuwenxin/Percona/brpc_env/protobuf-install/include
 .
 /usr/local/include
 /home/liuwenxin/local/ENV/clang+llvm/lib/clang/10.0.0/include
 /usr/include
End of search list.
Linking C executable cmTC_071af
/home/liuwenxin/local/ENV/cmake-install/bin/cmake -E cmake_link_script CMakeFiles/cmTC_071af.dir/link.txt --verbose=1
/home/liuwenxin/local/ENV/clang+llvm/bin/clang  -v -rdynamic CMakeFiles/cmTC_071af.dir/CMakeCCompilerABI.c.o -o cmTC_071af 
clang version 10.0.0 
Target: x86_64-unknown-linux-gnu
Thread model: posix
InstalledDir: /home/liuwenxin/local/ENV/clang+llvm/bin
Found candidate GCC installation: /opt/rh/devtoolset-7/root/usr/lib/gcc/x86_64-redhat-linux/7
Found candidate GCC installation: /usr/lib/gcc/x86_64-redhat-linux/4.8.2
Found candidate GCC installation: /usr/lib/gcc/x86_64-redhat-linux/4.8.5
Selected GCC installation: /opt/rh/devtoolset-7/root/usr/lib/gcc/x86_64-redhat-linux/7
Candidate multilib: .;@m64
Candidate multilib: 32;@m32
Selected multilib: .;@m64
 "/opt/rh/devtoolset-7/root/usr/lib/gcc/x86_64-redhat-linux/7/../../../../bin/ld" -export-dynamic --hash-style=gnu --eh-frame-hdr -m elf_x86_64 -export-dynamic -dynamic-linker /lib64/ld-linux-x86-64.so.2 -o cmTC_071af /lib/../lib64/crt1.o /lib/../lib64/crti.o /opt/rh/devtoolset-7/root/usr/lib/gcc/x86_64-redhat-linux/7/crtbegin.o -L/opt/rh/devtoolset-7/root/usr/lib/gcc/x86_64-redhat-linux/7 -L/opt/rh/devtoolset-7/root/usr/lib/gcc/x86_64-redhat-linux/7/../../../../lib64 -L/lib/../lib64 -L/usr/lib/../lib64 -L/opt/rh/devtoolset-7/root/usr/lib/gcc/x86_64-redhat-linux/7/../../.. -L/home/liuwenxin/local/ENV/clang+llvm/bin/../lib -L/lib -L/usr/lib -L/home/liuwenxin/Percona/brpc_env/openssl_1_0_2k-install/lib/ -L/home/liuwenxin/Percona/brpc_env/gflags-install/lib/ -L/home/liuwenxin/Percona/brpc_env/leveldb-install/lib64/ -L/home/liuwenxin/Percona/brpc_env/protobuf-install/lib64/ -L/home/liuwenxin/Percona/brpc_env/openssl_1_0_2k-install/lib/ -L/home/liuwenxin/Percona/brpc_env/gflags-install/lib/ -L/home/liuwenxin/Percona/brpc_env/leveldb-install/lib64/ -L/home/liuwenxin/Percona/brpc_env/protobuf-install/lib64/ -L. CMakeFiles/cmTC_071af.dir/CMakeCCompilerABI.c.o -lgcc --as-needed -lgcc_s --no-as-needed -lc -lgcc --as-needed -lgcc_s --no-as-needed /opt/rh/devtoolset-7/root/usr/lib/gcc/x86_64-redhat-linux/7/crtend.o /lib/../lib64/crtn.o
gmake[1]: Leaving directory `/home/liuwenxin/git/Percona-tool/id-increment/part-coordinator/build/CMakeFiles/CMakeTmp'



Parsed C implicit include dir info from above output: rv=done
  found start of include info
  found start of implicit include info
    add: [/home/liuwenxin/Percona/brpc_env/gflags-install/include]
    add: [/home/liuwenxin/Percona/brpc_env/leveldb-install/include]
    add: [/home/liuwenxin/Percona/brpc_env/protobuf-install/include]
    add: [.]
    add: [/usr/local/include]
    add: [/home/liuwenxin/local/ENV/clang+llvm/lib/clang/10.0.0/include]
    add: [/usr/include]
  end of search list found
  collapse include dir [/home/liuwenxin/Percona/brpc_env/gflags-install/include] ==> [/home/liuwenxin/Percona/brpc_env/gflags-install/include]
  collapse include dir [/home/liuwenxin/Percona/brpc_env/leveldb-install/include] ==> [/home/liuwenxin/Percona/brpc_env/leveldb-install/include]
  collapse include dir [/home/liuwenxin/Percona/brpc_env/protobuf-install/include] ==> [/home/liuwenxin/Percona/brpc_env/protobuf-install/include]
  skipping relative include dir [.]
  collapse include dir [/usr/local/include] ==> [/usr/local/include]
  collapse include dir [/home/liuwenxin/local/ENV/clang+llvm/lib/clang/10.0.0/include] ==> [/home/liuwenxin/local/ENV/clang+llvm/lib/clang/10.0.0/include]
  collapse include dir [/usr/include] ==> [/usr/include]
  implicit include dirs: [/home/liuwenxin/Percona/brpc_env/gflags-install/include;/home/liuwenxin/Percona/brpc_env/leveldb-install/include;/home/liuwenxin/Percona/brpc_env/protobuf-install/include;/usr/local/include;/home/liuwenxin/local/ENV/clang+llvm/lib/clang/10.0.0/include;/usr/include]


Parsed C implicit link information from above output:
  link line regex: [^( *|.*[/\])(ld|CMAKE_LINK_STARTFILE-NOTFOUND|([^/\]+-)?ld|collect2)[^/\]*( |$)]
  ignore line: [Change Dir: /home/liuwenxin/git/Percona-tool/id-increment/part-coordinator/build/CMakeFiles/CMakeTmp]
  ignore line: []
  ignore line: [Run Build Command(s):/usr/bin/gmake cmTC_071af/fast && /usr/bin/gmake  -f CMakeFiles/cmTC_071af.dir/build.make CMakeFiles/cmTC_071af.dir/build]
  ignore line: [gmake[1]: Entering directory `/home/liuwenxin/git/Percona-tool/id-increment/part-coordinator/build/CMakeFiles/CMakeTmp']
  ignore line: [Building C object CMakeFiles/cmTC_071af.dir/CMakeCCompilerABI.c.o]
  ignore line: [/home/liuwenxin/local/ENV/clang+llvm/bin/clang   -v -o CMakeFiles/cmTC_071af.dir/CMakeCCompilerABI.c.o -c /home/liuwenxin/local/ENV/cmake-install/share/cmake-3.19/Modules/CMakeCCompilerABI.c]
  ignore line: [clang version 10.0.0 ]
  ignore line: [Target: x86_64-unknown-linux-gnu]
  ignore line: [Thread model: posix]
  ignore line: [InstalledDir: /home/liuwenxin/local/ENV/clang+llvm/bin]
  ignore line: [Found candidate GCC installation: /opt/rh/devtoolset-7/root/usr/lib/gcc/x86_64-redhat-linux/7]
  ignore line: [Found candidate GCC installation: /usr/lib/gcc/x86_64-redhat-linux/4.8.2]
  ignore line: [Found candidate GCC installation: /usr/lib/gcc/x86_64-redhat-linux/4.8.5]
  ignore line: [Selected GCC installation: /opt/rh/devtoolset-7/root/usr/lib/gcc/x86_64-redhat-linux/7]
  ignore line: [Candidate multilib: .]
  ignore line: [@m64]
  ignore line: [Candidate multilib: 32]
  ignore line: [@m32]
  ignore line: [Selected multilib: .]
  ignore line: [@m64]
  ignore line: [ (in-process)]
  ignore line: [ "/home/liuwenxin/local/ENV/clang+llvm/bin/clang" -cc1 -triple x86_64-unknown-linux-gnu -emit-obj -mrelax-all -disable-free -disable-llvm-verifier -discard-value-names -main-file-name CMakeCCompilerABI.c -mrelocation-model static -mthread-model posix -mframe-pointer=all -fmath-errno -fno-rounding-math -masm-verbose -mconstructor-aliases -munwind-tables -target-cpu x86-64 -dwarf-column-info -fno-split-dwarf-inlining -debugger-tuning=gdb -v -resource-dir /home/liuwenxin/local/ENV/clang+llvm/lib/clang/10.0.0 -c-isystem /home/liuwenxin/Percona/brpc_env/openssl_1_0_2k-installa/include/ -c-isystem /home/liuwenxin/Percona/brpc_env/gflags-install/include/ -c-isystem /home/liuwenxin/Percona/brpc_env/leveldb-install/include/ -c-isystem /home/liuwenxin/Percona/brpc_env/protobuf-install/include/ -c-isystem /home/liuwenxin/Percona/brpc_env/openssl_1_0_2k-installa/include/ -c-isystem /home/liuwenxin/Percona/brpc_env/gflags-install/include/ -c-isystem /home/liuwenxin/Percona/brpc_env/leveldb-install/include/ -c-isystem /home/liuwenxin/Percona/brpc_env/protobuf-install/include/ -c-isystem . -cxx-isystem /home/liuwenxin/Percona/brpc_env/openssl_1_0_2k-installa/include/ -cxx-isystem /home/liuwenxin/Percona/brpc_env/gflags-install/include/ -cxx-isystem /home/liuwenxin/Percona/brpc_env/leveldb-install/include/ -cxx-isystem /home/liuwenxin/Percona/brpc_env/protobuf-install/include/ -cxx-isystem /home/liuwenxin/Percona/brpc_env/openssl_1_0_2k-installa/include/ -cxx-isystem /home/liuwenxin/Percona/brpc_env/gflags-install/include/ -cxx-isystem /home/liuwenxin/Percona/brpc_env/leveldb-install/include/ -cxx-isystem /home/liuwenxin/Percona/brpc_env/protobuf-install/include/ -cxx-isystem . -internal-isystem /usr/local/include -internal-isystem /home/liuwenxin/local/ENV/clang+llvm/lib/clang/10.0.0/include -internal-externc-isystem /include -internal-externc-isystem /usr/include -fdebug-compilation-dir /home/liuwenxin/git/Percona-tool/id-increment/part-coordinator/build/CMakeFiles/CMakeTmp -ferror-limit 19 -fmessage-length 0 -fgnuc-version=4.2.1 -fobjc-runtime=gcc -fdiagnostics-show-option -faddrsig -o CMakeFiles/cmTC_071af.dir/CMakeCCompilerABI.c.o -x c /home/liuwenxin/local/ENV/cmake-install/share/cmake-3.19/Modules/CMakeCCompilerABI.c]
  ignore line: [clang -cc1 version 10.0.0 based upon LLVM 10.0.0 default target x86_64-unknown-linux-gnu]
  ignore line: [ignoring nonexistent directory "/home/liuwenxin/Percona/brpc_env/openssl_1_0_2k-installa/include/"]
  ignore line: [ignoring nonexistent directory "/home/liuwenxin/Percona/brpc_env/openssl_1_0_2k-installa/include/"]
  ignore line: [ignoring nonexistent directory "/home/liuwenxin/Percona/brpc_env/openssl_1_0_2k-installa/include/"]
  ignore line: [ignoring nonexistent directory "/home/liuwenxin/Percona/brpc_env/openssl_1_0_2k-installa/include/"]
  ignore line: [ignoring nonexistent directory "/include"]
  ignore line: [ignoring duplicate directory "/home/liuwenxin/Percona/brpc_env/gflags-install/include"]
  ignore line: [ignoring duplicate directory "/home/liuwenxin/Percona/brpc_env/leveldb-install/include"]
  ignore line: [ignoring duplicate directory "/home/liuwenxin/Percona/brpc_env/protobuf-install/include"]
  ignore line: [#include "..." search starts here:]
  ignore line: [#include <...> search starts here:]
  ignore line: [ /home/liuwenxin/Percona/brpc_env/gflags-install/include]
  ignore line: [ /home/liuwenxin/Percona/brpc_env/leveldb-install/include]
  ignore line: [ /home/liuwenxin/Percona/brpc_env/protobuf-install/include]
  ignore line: [ .]
  ignore line: [ /usr/local/include]
  ignore line: [ /home/liuwenxin/local/ENV/clang+llvm/lib/clang/10.0.0/include]
  ignore line: [ /usr/include]
  ignore line: [End of search list.]
  ignore line: [Linking C executable cmTC_071af]
  ignore line: [/home/liuwenxin/local/ENV/cmake-install/bin/cmake -E cmake_link_script CMakeFiles/cmTC_071af.dir/link.txt --verbose=1]
  ignore line: [/home/liuwenxin/local/ENV/clang+llvm/bin/clang  -v -rdynamic CMakeFiles/cmTC_071af.dir/CMakeCCompilerABI.c.o -o cmTC_071af ]
  ignore line: [clang version 10.0.0 ]
  ignore line: [Target: x86_64-unknown-linux-gnu]
  ignore line: [Thread model: posix]
  ignore line: [InstalledDir: /home/liuwenxin/local/ENV/clang+llvm/bin]
  ignore line: [Found candidate GCC installation: /opt/rh/devtoolset-7/root/usr/lib/gcc/x86_64-redhat-linux/7]
  ignore line: [Found candidate GCC installation: /usr/lib/gcc/x86_64-redhat-linux/4.8.2]
  ignore line: [Found candidate GCC installation: /usr/lib/gcc/x86_64-redhat-linux/4.8.5]
  ignore line: [Selected GCC installation: /opt/rh/devtoolset-7/root/usr/lib/gcc/x86_64-redhat-linux/7]
  ignore line: [Candidate multilib: .]
  ignore line: [@m64]
  ignore line: [Candidate multilib: 32]
  ignore line: [@m32]
  ignore line: [Selected multilib: .]
  ignore line: [@m64]
  link line: [ "/opt/rh/devtoolset-7/root/usr/lib/gcc/x86_64-redhat-linux/7/../../../../bin/ld" -export-dynamic --hash-style=gnu --eh-frame-hdr -m elf_x86_64 -export-dynamic -dynamic-linker /lib64/ld-linux-x86-64.so.2 -o cmTC_071af /lib/../lib64/crt1.o /lib/../lib64/crti.o /opt/rh/devtoolset-7/root/usr/lib/gcc/x86_64-redhat-linux/7/crtbegin.o -L/opt/rh/devtoolset-7/root/usr/lib/gcc/x86_64-redhat-linux/7 -L/opt/rh/devtoolset-7/root/usr/lib/gcc/x86_64-redhat-linux/7/../../../../lib64 -L/lib/../lib64 -L/usr/lib/../lib64 -L/opt/rh/devtoolset-7/root/usr/lib/gcc/x86_64-redhat-linux/7/../../.. -L/home/liuwenxin/local/ENV/clang+llvm/bin/../lib -L/lib -L/usr/lib -L/home/liuwenxin/Percona/brpc_env/openssl_1_0_2k-install/lib/ -L/home/liuwenxin/Percona/brpc_env/gflags-install/lib/ -L/home/liuwenxin/Percona/brpc_env/leveldb-install/lib64/ -L/home/liuwenxin/Percona/brpc_env/protobuf-install/lib64/ -L/home/liuwenxin/Percona/brpc_env/openssl_1_0_2k-install/lib/ -L/home/liuwenxin/Percona/brpc_env/gflags-install/lib/ -L/home/liuwenxin/Percona/brpc_env/leveldb-install/lib64/ -L/home/liuwenxin/Percona/brpc_env/protobuf-install/lib64/ -L. CMakeFiles/cmTC_071af.dir/CMakeCCompilerABI.c.o -lgcc --as-needed -lgcc_s --no-as-needed -lc -lgcc --as-needed -lgcc_s --no-as-needed /opt/rh/devtoolset-7/root/usr/lib/gcc/x86_64-redhat-linux/7/crtend.o /lib/../lib64/crtn.o]
    arg [/opt/rh/devtoolset-7/root/usr/lib/gcc/x86_64-redhat-linux/7/../../../../bin/ld] ==> ignore
    arg [-export-dynamic] ==> ignore
    arg [--hash-style=gnu] ==> ignore
    arg [--eh-frame-hdr] ==> ignore
    arg [-m] ==> ignore
    arg [elf_x86_64] ==> ignore
    arg [-export-dynamic] ==> ignore
    arg [-dynamic-linker] ==> ignore
    arg [/lib64/ld-linux-x86-64.so.2] ==> ignore
    arg [-o] ==> ignore
    arg [cmTC_071af] ==> ignore
    arg [/lib/../lib64/crt1.o] ==> ignore
    arg [/lib/../lib64/crti.o] ==> ignore
    arg [/opt/rh/devtoolset-7/root/usr/lib/gcc/x86_64-redhat-linux/7/crtbegin.o] ==> ignore
    arg [-L/opt/rh/devtoolset-7/root/usr/lib/gcc/x86_64-redhat-linux/7] ==> dir [/opt/rh/devtoolset-7/root/usr/lib/gcc/x86_64-redhat-linux/7]
    arg [-L/opt/rh/devtoolset-7/root/usr/lib/gcc/x86_64-redhat-linux/7/../../../../lib64] ==> dir [/opt/rh/devtoolset-7/root/usr/lib/gcc/x86_64-redhat-linux/7/../../../../lib64]
    arg [-L/lib/../lib64] ==> dir [/lib/../lib64]
    arg [-L/usr/lib/../lib64] ==> dir [/usr/lib/../lib64]
    arg [-L/opt/rh/devtoolset-7/root/usr/lib/gcc/x86_64-redhat-linux/7/../../..] ==> dir [/opt/rh/devtoolset-7/root/usr/lib/gcc/x86_64-redhat-linux/7/../../..]
    arg [-L/home/liuwenxin/local/ENV/clang+llvm/bin/../lib] ==> dir [/home/liuwenxin/local/ENV/clang+llvm/bin/../lib]
    arg [-L/lib] ==> dir [/lib]
    arg [-L/usr/lib] ==> dir [/usr/lib]
    arg [-L/home/liuwenxin/Percona/brpc_env/openssl_1_0_2k-install/lib/] ==> dir [/home/liuwenxin/Percona/brpc_env/openssl_1_0_2k-install/lib/]
    arg [-L/home/liuwenxin/Percona/brpc_env/gflags-install/lib/] ==> dir [/home/liuwenxin/Percona/brpc_env/gflags-install/lib/]
    arg [-L/home/liuwenxin/Percona/brpc_env/leveldb-install/lib64/] ==> dir [/home/liuwenxin/Percona/brpc_env/leveldb-install/lib64/]
    arg [-L/home/liuwenxin/Percona/brpc_env/protobuf-install/lib64/] ==> dir [/home/liuwenxin/Percona/brpc_env/protobuf-install/lib64/]
    arg [-L/home/liuwenxin/Percona/brpc_env/openssl_1_0_2k-install/lib/] ==> dir [/home/liuwenxin/Percona/brpc_env/openssl_1_0_2k-install/lib/]
    arg [-L/home/liuwenxin/Percona/brpc_env/gflags-install/lib/] ==> dir [/home/liuwenxin/Percona/brpc_env/gflags-install/lib/]
    arg [-L/home/liuwenxin/Percona/brpc_env/leveldb-install/lib64/] ==> dir [/home/liuwenxin/Percona/brpc_env/leveldb-install/lib64/]
    arg [-L/home/liuwenxin/Percona/brpc_env/protobuf-install/lib64/] ==> dir [/home/liuwenxin/Percona/brpc_env/protobuf-install/lib64/]
    arg [-L.] ==> ignore
    arg [CMakeFiles/cmTC_071af.dir/CMakeCCompilerABI.c.o] ==> ignore
    arg [-lgcc] ==> lib [gcc]
    arg [--as-needed] ==> ignore
    arg [-lgcc_s] ==> lib [gcc_s]
    arg [--no-as-needed] ==> ignore
    arg [-lc] ==> lib [c]
    arg [-lgcc] ==> lib [gcc]
    arg [--as-needed] ==> ignore
    arg [-lgcc_s] ==> lib [gcc_s]
    arg [--no-as-needed] ==> ignore
    arg [/opt/rh/devtoolset-7/root/usr/lib/gcc/x86_64-redhat-linux/7/crtend.o] ==> ignore
    arg [/lib/../lib64/crtn.o] ==> ignore
  collapse library dir [/opt/rh/devtoolset-7/root/usr/lib/gcc/x86_64-redhat-linux/7] ==> [/opt/rh/devtoolset-7/root/usr/lib/gcc/x86_64-redhat-linux/7]
  collapse library dir [/opt/rh/devtoolset-7/root/usr/lib/gcc/x86_64-redhat-linux/7/../../../../lib64] ==> [/opt/rh/devtoolset-7/root/usr/lib64]
  collapse library dir [/lib/../lib64] ==> [/lib64]
  collapse library dir [/usr/lib/../lib64] ==> [/usr/lib64]
  collapse library dir [/opt/rh/devtoolset-7/root/usr/lib/gcc/x86_64-redhat-linux/7/../../..] ==> [/opt/rh/devtoolset-7/root/usr/lib]
  collapse library dir [/home/liuwenxin/local/ENV/clang+llvm/bin/../lib] ==> [/home/liuwenxin/local/ENV/clang+llvm/lib]
  collapse library dir [/lib] ==> [/lib]
  collapse library dir [/usr/lib] ==> [/usr/lib]
  collapse library dir [/home/liuwenxin/Percona/brpc_env/openssl_1_0_2k-install/lib/] ==> [/home/liuwenxin/Percona/brpc_env/openssl_1_0_2k-install/lib]
  collapse library dir [/home/liuwenxin/Percona/brpc_env/gflags-install/lib/] ==> [/home/liuwenxin/Percona/brpc_env/gflags-install/lib]
  collapse library dir [/home/liuwenxin/Percona/brpc_env/leveldb-install/lib64/] ==> [/home/liuwenxin/Percona/brpc_env/leveldb-install/lib64]
  collapse library dir [/home/liuwenxin/Percona/brpc_env/protobuf-install/lib64/] ==> [/home/liuwenxin/Percona/brpc_env/protobuf-install/lib64]
  collapse library dir [/home/liuwenxin/Percona/brpc_env/openssl_1_0_2k-install/lib/] ==> [/home/liuwenxin/Percona/brpc_env/openssl_1_0_2k-install/lib]
  collapse library dir [/home/liuwenxin/Percona/brpc_env/gflags-install/lib/] ==> [/home/liuwenxin/Percona/brpc_env/gflags-install/lib]
  collapse library dir [/home/liuwenxin/Percona/brpc_env/leveldb-install/lib64/] ==> [/home/liuwenxin/Percona/brpc_env/leveldb-install/lib64]
  collapse library dir [/home/liuwenxin/Percona/brpc_env/protobuf-install/lib64/] ==> [/home/liuwenxin/Percona/brpc_env/protobuf-install/lib64]
  implicit libs: [gcc;gcc_s;c;gcc;gcc_s]
  implicit dirs: [/opt/rh/devtoolset-7/root/usr/lib/gcc/x86_64-redhat-linux/7;/opt/rh/devtoolset-7/root/usr/lib64;/lib64;/usr/lib64;/opt/rh/devtoolset-7/root/usr/lib;/home/liuwenxin/local/ENV/clang+llvm/lib;/lib;/usr/lib;/home/liuwenxin/Percona/brpc_env/openssl_1_0_2k-install/lib;/home/liuwenxin/Percona/brpc_env/gflags-install/lib;/home/liuwenxin/Percona/brpc_env/leveldb-install/lib64;/home/liuwenxin/Percona/brpc_env/protobuf-install/lib64]
  implicit fwks: []


Detecting CXX compiler ABI info compiled with the following output:
Change Dir: /home/liuwenxin/git/Percona-tool/id-increment/part-coordinator/build/CMakeFiles/CMakeTmp

Run Build Command(s):/usr/bin/gmake cmTC_59803/fast && /usr/bin/gmake  -f CMakeFiles/cmTC_59803.dir/build.make CMakeFiles/cmTC_59803.dir/build
gmake[1]: Entering directory `/home/liuwenxin/git/Percona-tool/id-increment/part-coordinator/build/CMakeFiles/CMakeTmp'
Building CXX object CMakeFiles/cmTC_59803.dir/CMakeCXXCompilerABI.cpp.o
/home/liuwenxin/local/ENV/clang+llvm/bin/clang++   -v -o CMakeFiles/cmTC_59803.dir/CMakeCXXCompilerABI.cpp.o -c /home/liuwenxin/local/ENV/cmake-install/share/cmake-3.19/Modules/CMakeCXXCompilerABI.cpp
clang version 10.0.0 
Target: x86_64-unknown-linux-gnu
Thread model: posix
InstalledDir: /home/liuwenxin/local/ENV/clang+llvm/bin
Found candidate GCC installation: /opt/rh/devtoolset-7/root/usr/lib/gcc/x86_64-redhat-linux/7
Found candidate GCC installation: /usr/lib/gcc/x86_64-redhat-linux/4.8.2
Found candidate GCC installation: /usr/lib/gcc/x86_64-redhat-linux/4.8.5
Selected GCC installation: /opt/rh/devtoolset-7/root/usr/lib/gcc/x86_64-redhat-linux/7
Candidate multilib: .;@m64
Candidate multilib: 32;@m32
Selected multilib: .;@m64
 (in-process)
 "/home/liuwenxin/local/ENV/clang+llvm/bin/clang++" -cc1 -triple x86_64-unknown-linux-gnu -emit-obj -mrelax-all -disable-free -disable-llvm-verifier -discard-value-names -main-file-name CMakeCXXCompilerABI.cpp -mrelocation-model static -mthread-model posix -mframe-pointer=all -fmath-errno -fno-rounding-math -masm-verbose -mconstructor-aliases -munwind-tables -target-cpu x86-64 -dwarf-column-info -fno-split-dwarf-inlining -debugger-tuning=gdb -v -resource-dir /home/liuwenxin/local/ENV/clang+llvm/lib/clang/10.0.0 -c-isystem /home/liuwenxin/Percona/brpc_env/openssl_1_0_2k-installa/include/ -c-isystem /home/liuwenxin/Percona/brpc_env/gflags-install/include/ -c-isystem /home/liuwenxin/Percona/brpc_env/leveldb-install/include/ -c-isystem /home/liuwenxin/Percona/brpc_env/protobuf-install/include/ -c-isystem /home/liuwenxin/Percona/brpc_env/openssl_1_0_2k-installa/include/ -c-isystem /home/liuwenxin/Percona/brpc_env/gflags-install/include/ -c-isystem /home/liuwenxin/Percona/brpc_env/leveldb-install/include/ -c-isystem /home/liuwenxin/Percona/brpc_env/protobuf-install/include/ -c-isystem . -cxx-isystem /home/liuwenxin/Percona/brpc_env/openssl_1_0_2k-installa/include/ -cxx-isystem /home/liuwenxin/Percona/brpc_env/gflags-install/include/ -cxx-isystem /home/liuwenxin/Percona/brpc_env/leveldb-install/include/ -cxx-isystem /home/liuwenxin/Percona/brpc_env/protobuf-install/include/ -cxx-isystem /home/liuwenxin/Percona/brpc_env/openssl_1_0_2k-installa/include/ -cxx-isystem /home/liuwenxin/Percona/brpc_env/gflags-install/include/ -cxx-isystem /home/liuwenxin/Percona/brpc_env/leveldb-install/include/ -cxx-isystem /home/liuwenxin/Percona/brpc_env/protobuf-install/include/ -cxx-isystem . -internal-isystem /opt/rh/devtoolset-7/root/usr/lib/gcc/x86_64-redhat-linux/7/../../../../include/c++/7 -internal-isystem /opt/rh/devtoolset-7/root/usr/lib/gcc/x86_64-redhat-linux/7/../../../../include/c++/7/x86_64-redhat-linux -internal-isystem /opt/rh/devtoolset-7/root/usr/lib/gcc/x86_64-redhat-linux/7/../../../../include/c++/7/backward -internal-isystem /usr/local/include -internal-isystem /home/liuwenxin/local/ENV/clang+llvm/lib/clang/10.0.0/include -internal-externc-isystem /include -internal-externc-isystem /usr/include -fdeprecated-macro -fdebug-compilation-dir /home/liuwenxin/git/Percona-tool/id-increment/part-coordinator/build/CMakeFiles/CMakeTmp -ferror-limit 19 -fmessage-length 0 -fgnuc-version=4.2.1 -fobjc-runtime=gcc -fcxx-exceptions -fexceptions -fdiagnostics-show-option -faddrsig -o CMakeFiles/cmTC_59803.dir/CMakeCXXCompilerABI.cpp.o -x c++ /home/liuwenxin/local/ENV/cmake-install/share/cmake-3.19/Modules/CMakeCXXCompilerABI.cpp
clang -cc1 version 10.0.0 based upon LLVM 10.0.0 default target x86_64-unknown-linux-gnu
ignoring nonexistent directory "/home/liuwenxin/Percona/brpc_env/openssl_1_0_2k-installa/include/"
ignoring nonexistent directory "/home/liuwenxin/Percona/brpc_env/openssl_1_0_2k-installa/include/"
ignoring nonexistent directory "/home/liuwenxin/Percona/brpc_env/openssl_1_0_2k-installa/include/"
ignoring nonexistent directory "/home/liuwenxin/Percona/brpc_env/openssl_1_0_2k-installa/include/"
ignoring nonexistent directory "/include"
ignoring duplicate directory "/home/liuwenxin/Percona/brpc_env/gflags-install/include"
ignoring duplicate directory "/home/liuwenxin/Percona/brpc_env/leveldb-install/include"
ignoring duplicate directory "/home/liuwenxin/Percona/brpc_env/protobuf-install/include"
#include "..." search starts here:
#include <...> search starts here:
 /home/liuwenxin/Percona/brpc_env/gflags-install/include
 /home/liuwenxin/Percona/brpc_env/leveldb-install/include
 /home/liuwenxin/Percona/brpc_env/protobuf-install/include
 .
 /opt/rh/devtoolset-7/root/usr/lib/gcc/x86_64-redhat-linux/7/../../../../include/c++/7
 /opt/rh/devtoolset-7/root/usr/lib/gcc/x86_64-redhat-linux/7/../../../../include/c++/7/x86_64-redhat-linux
 /opt/rh/devtoolset-7/root/usr/lib/gcc/x86_64-redhat-linux/7/../../../../include/c++/7/backward
 /usr/local/include
 /home/liuwenxin/local/ENV/clang+llvm/lib/clang/10.0.0/include
 /usr/include
End of search list.
Linking CXX executable cmTC_59803
/home/liuwenxin/local/ENV/cmake-install/bin/cmake -E cmake_link_script CMakeFiles/cmTC_59803.dir/link.txt --verbose=1
/home/liuwenxin/local/ENV/clang+llvm/bin/clang++  -v -rdynamic CMakeFiles/cmTC_59803.dir/CMakeCXXCompilerABI.cpp.o -o cmTC_59803 
clang version 10.0.0 
Target: x86_64-unknown-linux-gnu
Thread model: posix
InstalledDir: /home/liuwenxin/local/ENV/clang+llvm/bin
Found candidate GCC installation: /opt/rh/devtoolset-7/root/usr/lib/gcc/x86_64-redhat-linux/7
Found candidate GCC installation: /usr/lib/gcc/x86_64-redhat-linux/4.8.2
Found candidate GCC installation: /usr/lib/gcc/x86_64-redhat-linux/4.8.5
Selected GCC installation: /opt/rh/devtoolset-7/root/usr/lib/gcc/x86_64-redhat-linux/7
Candidate multilib: .;@m64
Candidate multilib: 32;@m32
Selected multilib: .;@m64
 "/opt/rh/devtoolset-7/root/usr/lib/gcc/x86_64-redhat-linux/7/../../../../bin/ld" -export-dynamic --hash-style=gnu --eh-frame-hdr -m elf_x86_64 -export-dynamic -dynamic-linker /lib64/ld-linux-x86-64.so.2 -o cmTC_59803 /lib/../lib64/crt1.o /lib/../lib64/crti.o /opt/rh/devtoolset-7/root/usr/lib/gcc/x86_64-redhat-linux/7/crtbegin.o -L/opt/rh/devtoolset-7/root/usr/lib/gcc/x86_64-redhat-linux/7 -L/opt/rh/devtoolset-7/root/usr/lib/gcc/x86_64-redhat-linux/7/../../../../lib64 -L/lib/../lib64 -L/usr/lib/../lib64 -L/opt/rh/devtoolset-7/root/usr/lib/gcc/x86_64-redhat-linux/7/../../.. -L/home/liuwenxin/local/ENV/clang+llvm/bin/../lib -L/lib -L/usr/lib -L/home/liuwenxin/Percona/brpc_env/openssl_1_0_2k-install/lib/ -L/home/liuwenxin/Percona/brpc_env/gflags-install/lib/ -L/home/liuwenxin/Percona/brpc_env/leveldb-install/lib64/ -L/home/liuwenxin/Percona/brpc_env/protobuf-install/lib64/ -L/home/liuwenxin/Percona/brpc_env/openssl_1_0_2k-install/lib/ -L/home/liuwenxin/Percona/brpc_env/gflags-install/lib/ -L/home/liuwenxin/Percona/brpc_env/leveldb-install/lib64/ -L/home/liuwenxin/Percona/brpc_env/protobuf-install/lib64/ -L. CMakeFiles/cmTC_59803.dir/CMakeCXXCompilerABI.cpp.o -lstdc++ -lm -lgcc_s -lgcc -lc -lgcc_s -lgcc /opt/rh/devtoolset-7/root/usr/lib/gcc/x86_64-redhat-linux/7/crtend.o /lib/../lib64/crtn.o
gmake[1]: Leaving directory `/home/liuwenxin/git/Percona-tool/id-increment/part-coordinator/build/CMakeFiles/CMakeTmp'



Parsed CXX implicit include dir info from above output: rv=done
  found start of include info
  found start of implicit include info
    add: [/home/liuwenxin/Percona/brpc_env/gflags-install/include]
    add: [/home/liuwenxin/Percona/brpc_env/leveldb-install/include]
    add: [/home/liuwenxin/Percona/brpc_env/protobuf-install/include]
    add: [.]
    add: [/opt/rh/devtoolset-7/root/usr/lib/gcc/x86_64-redhat-linux/7/../../../../include/c++/7]
    add: [/opt/rh/devtoolset-7/root/usr/lib/gcc/x86_64-redhat-linux/7/../../../../include/c++/7/x86_64-redhat-linux]
    add: [/opt/rh/devtoolset-7/root/usr/lib/gcc/x86_64-redhat-linux/7/../../../../include/c++/7/backward]
    add: [/usr/local/include]
    add: [/home/liuwenxin/local/ENV/clang+llvm/lib/clang/10.0.0/include]
    add: [/usr/include]
  end of search list found
  collapse include dir [/home/liuwenxin/Percona/brpc_env/gflags-install/include] ==> [/home/liuwenxin/Percona/brpc_env/gflags-install/include]
  collapse include dir [/home/liuwenxin/Percona/brpc_env/leveldb-install/include] ==> [/home/liuwenxin/Percona/brpc_env/leveldb-install/include]
  collapse include dir [/home/liuwenxin/Percona/brpc_env/protobuf-install/include] ==> [/home/liuwenxin/Percona/brpc_env/protobuf-install/include]
  skipping relative include dir [.]
  collapse include dir [/opt/rh/devtoolset-7/root/usr/lib/gcc/x86_64-redhat-linux/7/../../../../include/c++/7] ==> [/opt/rh/devtoolset-7/root/usr/include/c++/7]
  collapse include dir [/opt/rh/devtoolset-7/root/usr/lib/gcc/x86_64-redhat-linux/7/../../../../include/c++/7/x86_64-redhat-linux] ==> [/opt/rh/devtoolset-7/root/usr/include/c++/7/x86_64-redhat-linux]
  collapse include dir [/opt/rh/devtoolset-7/root/usr/lib/gcc/x86_64-redhat-linux/7/../../../../include/c++/7/backward] ==> [/opt/rh/devtoolset-7/root/usr/include/c++/7/backward]
  collapse include dir [/usr/local/include] ==> [/usr/local/include]
  collapse include dir [/home/liuwenxin/local/ENV/clang+llvm/lib/clang/10.0.0/include] ==> [/home/liuwenxin/local/ENV/clang+llvm/lib/clang/10.0.0/include]
  collapse include dir [/usr/include] ==> [/usr/include]
  implicit include dirs: [/home/liuwenxin/Percona/brpc_env/gflags-install/include;/home/liuwenxin/Percona/brpc_env/leveldb-install/include;/home/liuwenxin/Percona/brpc_env/protobuf-install/include;/opt/rh/devtoolset-7/root/usr/include/c++/7;/opt/rh/devtoolset-7/root/usr/include/c++/7/x86_64-redhat-linux;/opt/rh/devtoolset-7/root/usr/include/c++/7/backward;/usr/local/include;/home/liuwenxin/local/ENV/clang+llvm/lib/clang/10.0.0/include;/usr/include]


Parsed CXX implicit link information from above output:
  link line regex: [^( *|.*[/\])(ld|CMAKE_LINK_STARTFILE-NOTFOUND|([^/\]+-)?ld|collect2)[^/\]*( |$)]
  ignore line: [Change Dir: /home/liuwenxin/git/Percona-tool/id-increment/part-coordinator/build/CMakeFiles/CMakeTmp]
  ignore line: []
  ignore line: [Run Build Command(s):/usr/bin/gmake cmTC_59803/fast && /usr/bin/gmake  -f CMakeFiles/cmTC_59803.dir/build.make CMakeFiles/cmTC_59803.dir/build]
  ignore line: [gmake[1]: Entering directory `/home/liuwenxin/git/Percona-tool/id-increment/part-coordinator/build/CMakeFiles/CMakeTmp']
  ignore line: [Building CXX object CMakeFiles/cmTC_59803.dir/CMakeCXXCompilerABI.cpp.o]
  ignore line: [/home/liuwenxin/local/ENV/clang+llvm/bin/clang++   -v -o CMakeFiles/cmTC_59803.dir/CMakeCXXCompilerABI.cpp.o -c /home/liuwenxin/local/ENV/cmake-install/share/cmake-3.19/Modules/CMakeCXXCompilerABI.cpp]
  ignore line: [clang version 10.0.0 ]
  ignore line: [Target: x86_64-unknown-linux-gnu]
  ignore line: [Thread model: posix]
  ignore line: [InstalledDir: /home/liuwenxin/local/ENV/clang+llvm/bin]
  ignore line: [Found candidate GCC installation: /opt/rh/devtoolset-7/root/usr/lib/gcc/x86_64-redhat-linux/7]
  ignore line: [Found candidate GCC installation: /usr/lib/gcc/x86_64-redhat-linux/4.8.2]
  ignore line: [Found candidate GCC installation: /usr/lib/gcc/x86_64-redhat-linux/4.8.5]
  ignore line: [Selected GCC installation: /opt/rh/devtoolset-7/root/usr/lib/gcc/x86_64-redhat-linux/7]
  ignore line: [Candidate multilib: .]
  ignore line: [@m64]
  ignore line: [Candidate multilib: 32]
  ignore line: [@m32]
  ignore line: [Selected multilib: .]
  ignore line: [@m64]
  ignore line: [ (in-process)]
  ignore line: [ "/home/liuwenxin/local/ENV/clang+llvm/bin/clang++" -cc1 -triple x86_64-unknown-linux-gnu -emit-obj -mrelax-all -disable-free -disable-llvm-verifier -discard-value-names -main-file-name CMakeCXXCompilerABI.cpp -mrelocation-model static -mthread-model posix -mframe-pointer=all -fmath-errno -fno-rounding-math -masm-verbose -mconstructor-aliases -munwind-tables -target-cpu x86-64 -dwarf-column-info -fno-split-dwarf-inlining -debugger-tuning=gdb -v -resource-dir /home/liuwenxin/local/ENV/clang+llvm/lib/clang/10.0.0 -c-isystem /home/liuwenxin/Percona/brpc_env/openssl_1_0_2k-installa/include/ -c-isystem /home/liuwenxin/Percona/brpc_env/gflags-install/include/ -c-isystem /home/liuwenxin/Percona/brpc_env/leveldb-install/include/ -c-isystem /home/liuwenxin/Percona/brpc_env/protobuf-install/include/ -c-isystem /home/liuwenxin/Percona/brpc_env/openssl_1_0_2k-installa/include/ -c-isystem /home/liuwenxin/Percona/brpc_env/gflags-install/include/ -c-isystem /home/liuwenxin/Percona/brpc_env/leveldb-install/include/ -c-isystem /home/liuwenxin/Percona/brpc_env/protobuf-install/include/ -c-isystem . -cxx-isystem /home/liuwenxin/Percona/brpc_env/openssl_1_0_2k-installa/include/ -cxx-isystem /home/liuwenxin/Percona/brpc_env/gflags-install/include/ -cxx-isystem /home/liuwenxin/Percona/brpc_env/leveldb-install/include/ -cxx-isystem /home/liuwenxin/Percona/brpc_env/protobuf-install/include/ -cxx-isystem /home/liuwenxin/Percona/brpc_env/openssl_1_0_2k-installa/include/ -cxx-isystem /home/liuwenxin/Percona/brpc_env/gflags-install/include/ -cxx-isystem /home/liuwenxin/Percona/brpc_env/leveldb-install/include/ -cxx-isystem /home/liuwenxin/Percona/brpc_env/protobuf-install/include/ -cxx-isystem . -internal-isystem /opt/rh/devtoolset-7/root/usr/lib/gcc/x86_64-redhat-linux/7/../../../../include/c++/7 -internal-isystem /opt/rh/devtoolset-7/root/usr/lib/gcc/x86_64-redhat-linux/7/../../../../include/c++/7/x86_64-redhat-linux -internal-isystem /opt/rh/devtoolset-7/root/usr/lib/gcc/x86_64-redhat-linux/7/../../../../include/c++/7/backward -internal-isystem /usr/local/include -internal-isystem /home/liuwenxin/local/ENV/clang+llvm/lib/clang/10.0.0/include -internal-externc-isystem /include -internal-externc-isystem /usr/include -fdeprecated-macro -fdebug-compilation-dir /home/liuwenxin/git/Percona-tool/id-increment/part-coordinator/build/CMakeFiles/CMakeTmp -ferror-limit 19 -fmessage-length 0 -fgnuc-version=4.2.1 -fobjc-runtime=gcc -fcxx-exceptions -fexceptions -fdiagnostics-show-option -faddrsig -o CMakeFiles/cmTC_59803.dir/CMakeCXXCompilerABI.cpp.o -x c++ /home/liuwenxin/local/ENV/cmake-install/share/cmake-3.19/Modules/CMakeCXXCompilerABI.cpp]
  ignore line: [clang -cc1 version 10.0.0 based upon LLVM 10.0.0 default target x86_64-unknown-linux-gnu]
  ignore line: [ignoring nonexistent directory "/home/liuwenxin/Percona/brpc_env/openssl_1_0_2k-installa/include/"]
  ignore line: [ignoring nonexistent directory "/home/liuwenxin/Percona/brpc_env/openssl_1_0_2k-installa/include/"]
  ignore line: [ignoring nonexistent directory "/home/liuwenxin/Percona/brpc_env/openssl_1_0_2k-installa/include/"]
  ignore line: [ignoring nonexistent directory "/home/liuwenxin/Percona/brpc_env/openssl_1_0_2k-installa/include/"]
  ignore line: [ignoring nonexistent directory "/include"]
  ignore line: [ignoring duplicate directory "/home/liuwenxin/Percona/brpc_env/gflags-install/include"]
  ignore line: [ignoring duplicate directory "/home/liuwenxin/Percona/brpc_env/leveldb-install/include"]
  ignore line: [ignoring duplicate directory "/home/liuwenxin/Percona/brpc_env/protobuf-install/include"]
  ignore line: [#include "..." search starts here:]
  ignore line: [#include <...> search starts here:]
  ignore line: [ /home/liuwenxin/Percona/brpc_env/gflags-install/include]
  ignore line: [ /home/liuwenxin/Percona/brpc_env/leveldb-install/include]
  ignore line: [ /home/liuwenxin/Percona/brpc_env/protobuf-install/include]
  ignore line: [ .]
  ignore line: [ /opt/rh/devtoolset-7/root/usr/lib/gcc/x86_64-redhat-linux/7/../../../../include/c++/7]
  ignore line: [ /opt/rh/devtoolset-7/root/usr/lib/gcc/x86_64-redhat-linux/7/../../../../include/c++/7/x86_64-redhat-linux]
  ignore line: [ /opt/rh/devtoolset-7/root/usr/lib/gcc/x86_64-redhat-linux/7/../../../../include/c++/7/backward]
  ignore line: [ /usr/local/include]
  ignore line: [ /home/liuwenxin/local/ENV/clang+llvm/lib/clang/10.0.0/include]
  ignore line: [ /usr/include]
  ignore line: [End of search list.]
  ignore line: [Linking CXX executable cmTC_59803]
  ignore line: [/home/liuwenxin/local/ENV/cmake-install/bin/cmake -E cmake_link_script CMakeFiles/cmTC_59803.dir/link.txt --verbose=1]
  ignore line: [/home/liuwenxin/local/ENV/clang+llvm/bin/clang++  -v -rdynamic CMakeFiles/cmTC_59803.dir/CMakeCXXCompilerABI.cpp.o -o cmTC_59803 ]
  ignore line: [clang version 10.0.0 ]
  ignore line: [Target: x86_64-unknown-linux-gnu]
  ignore line: [Thread model: posix]
  ignore line: [InstalledDir: /home/liuwenxin/local/ENV/clang+llvm/bin]
  ignore line: [Found candidate GCC installation: /opt/rh/devtoolset-7/root/usr/lib/gcc/x86_64-redhat-linux/7]
  ignore line: [Found candidate GCC installation: /usr/lib/gcc/x86_64-redhat-linux/4.8.2]
  ignore line: [Found candidate GCC installation: /usr/lib/gcc/x86_64-redhat-linux/4.8.5]
  ignore line: [Selected GCC installation: /opt/rh/devtoolset-7/root/usr/lib/gcc/x86_64-redhat-linux/7]
  ignore line: [Candidate multilib: .]
  ignore line: [@m64]
  ignore line: [Candidate multilib: 32]
  ignore line: [@m32]
  ignore line: [Selected multilib: .]
  ignore line: [@m64]
  link line: [ "/opt/rh/devtoolset-7/root/usr/lib/gcc/x86_64-redhat-linux/7/../../../../bin/ld" -export-dynamic --hash-style=gnu --eh-frame-hdr -m elf_x86_64 -export-dynamic -dynamic-linker /lib64/ld-linux-x86-64.so.2 -o cmTC_59803 /lib/../lib64/crt1.o /lib/../lib64/crti.o /opt/rh/devtoolset-7/root/usr/lib/gcc/x86_64-redhat-linux/7/crtbegin.o -L/opt/rh/devtoolset-7/root/usr/lib/gcc/x86_64-redhat-linux/7 -L/opt/rh/devtoolset-7/root/usr/lib/gcc/x86_64-redhat-linux/7/../../../../lib64 -L/lib/../lib64 -L/usr/lib/../lib64 -L/opt/rh/devtoolset-7/root/usr/lib/gcc/x86_64-redhat-linux/7/../../.. -L/home/liuwenxin/local/ENV/clang+llvm/bin/../lib -L/lib -L/usr/lib -L/home/liuwenxin/Percona/brpc_env/openssl_1_0_2k-install/lib/ -L/home/liuwenxin/Percona/brpc_env/gflags-install/lib/ -L/home/liuwenxin/Percona/brpc_env/leveldb-install/lib64/ -L/home/liuwenxin/Percona/brpc_env/protobuf-install/lib64/ -L/home/liuwenxin/Percona/brpc_env/openssl_1_0_2k-install/lib/ -L/home/liuwenxin/Percona/brpc_env/gflags-install/lib/ -L/home/liuwenxin/Percona/brpc_env/leveldb-install/lib64/ -L/home/liuwenxin/Percona/brpc_env/protobuf-install/lib64/ -L. CMakeFiles/cmTC_59803.dir/CMakeCXXCompilerABI.cpp.o -lstdc++ -lm -lgcc_s -lgcc -lc -lgcc_s -lgcc /opt/rh/devtoolset-7/root/usr/lib/gcc/x86_64-redhat-linux/7/crtend.o /lib/../lib64/crtn.o]
    arg [/opt/rh/devtoolset-7/root/usr/lib/gcc/x86_64-redhat-linux/7/../../../../bin/ld] ==> ignore
    arg [-export-dynamic] ==> ignore
    arg [--hash-style=gnu] ==> ignore
    arg [--eh-frame-hdr] ==> ignore
    arg [-m] ==> ignore
    arg [elf_x86_64] ==> ignore
    arg [-export-dynamic] ==> ignore
    arg [-dynamic-linker] ==> ignore
    arg [/lib64/ld-linux-x86-64.so.2] ==> ignore
    arg [-o] ==> ignore
    arg [cmTC_59803] ==> ignore
    arg [/lib/../lib64/crt1.o] ==> ignore
    arg [/lib/../lib64/crti.o] ==> ignore
    arg [/opt/rh/devtoolset-7/root/usr/lib/gcc/x86_64-redhat-linux/7/crtbegin.o] ==> ignore
    arg [-L/opt/rh/devtoolset-7/root/usr/lib/gcc/x86_64-redhat-linux/7] ==> dir [/opt/rh/devtoolset-7/root/usr/lib/gcc/x86_64-redhat-linux/7]
    arg [-L/opt/rh/devtoolset-7/root/usr/lib/gcc/x86_64-redhat-linux/7/../../../../lib64] ==> dir [/opt/rh/devtoolset-7/root/usr/lib/gcc/x86_64-redhat-linux/7/../../../../lib64]
    arg [-L/lib/../lib64] ==> dir [/lib/../lib64]
    arg [-L/usr/lib/../lib64] ==> dir [/usr/lib/../lib64]
    arg [-L/opt/rh/devtoolset-7/root/usr/lib/gcc/x86_64-redhat-linux/7/../../..] ==> dir [/opt/rh/devtoolset-7/root/usr/lib/gcc/x86_64-redhat-linux/7/../../..]
    arg [-L/home/liuwenxin/local/ENV/clang+llvm/bin/../lib] ==> dir [/home/liuwenxin/local/ENV/clang+llvm/bin/../lib]
    arg [-L/lib] ==> dir [/lib]
    arg [-L/usr/lib] ==> dir [/usr/lib]
    arg [-L/home/liuwenxin/Percona/brpc_env/openssl_1_0_2k-install/lib/] ==> dir [/home/liuwenxin/Percona/brpc_env/openssl_1_0_2k-install/lib/]
    arg [-L/home/liuwenxin/Percona/brpc_env/gflags-install/lib/] ==> dir [/home/liuwenxin/Percona/brpc_env/gflags-install/lib/]
    arg [-L/home/liuwenxin/Percona/brpc_env/leveldb-install/lib64/] ==> dir [/home/liuwenxin/Percona/brpc_env/leveldb-install/lib64/]
    arg [-L/home/liuwenxin/Percona/brpc_env/protobuf-install/lib64/] ==> dir [/home/liuwenxin/Percona/brpc_env/protobuf-install/lib64/]
    arg [-L/home/liuwenxin/Percona/brpc_env/openssl_1_0_2k-install/lib/] ==> dir [/home/liuwenxin/Percona/brpc_env/openssl_1_0_2k-install/lib/]
    arg [-L/home/liuwenxin/Percona/brpc_env/gflags-install/lib/] ==> dir [/home/liuwenxin/Percona/brpc_env/gflags-install/lib/]
    arg [-L/home/liuwenxin/Percona/brpc_env/leveldb-install/lib64/] ==> dir [/home/liuwenxin/Percona/brpc_env/leveldb-install/lib64/]
    arg [-L/home/liuwenxin/Percona/brpc_env/protobuf-install/lib64/] ==> dir [/home/liuwenxin/Percona/brpc_env/protobuf-install/lib64/]
    arg [-L.] ==> ignore
    arg [CMakeFiles/cmTC_59803.dir/CMakeCXXCompilerABI.cpp.o] ==> ignore
    arg [-lstdc++] ==> lib [stdc++]
    arg [-lm] ==> lib [m]
    arg [-lgcc_s] ==> lib [gcc_s]
    arg [-lgcc] ==> lib [gcc]
    arg [-lc] ==> lib [c]
    arg [-lgcc_s] ==> lib [gcc_s]
    arg [-lgcc] ==> lib [gcc]
    arg [/opt/rh/devtoolset-7/root/usr/lib/gcc/x86_64-redhat-linux/7/crtend.o] ==> ignore
    arg [/lib/../lib64/crtn.o] ==> ignore
  collapse library dir [/opt/rh/devtoolset-7/root/usr/lib/gcc/x86_64-redhat-linux/7] ==> [/opt/rh/devtoolset-7/root/usr/lib/gcc/x86_64-redhat-linux/7]
  collapse library dir [/opt/rh/devtoolset-7/root/usr/lib/gcc/x86_64-redhat-linux/7/../../../../lib64] ==> [/opt/rh/devtoolset-7/root/usr/lib64]
  collapse library dir [/lib/../lib64] ==> [/lib64]
  collapse library dir [/usr/lib/../lib64] ==> [/usr/lib64]
  collapse library dir [/opt/rh/devtoolset-7/root/usr/lib/gcc/x86_64-redhat-linux/7/../../..] ==> [/opt/rh/devtoolset-7/root/usr/lib]
  collapse library dir [/home/liuwenxin/local/ENV/clang+llvm/bin/../lib] ==> [/home/liuwenxin/local/ENV/clang+llvm/lib]
  collapse library dir [/lib] ==> [/lib]
  collapse library dir [/usr/lib] ==> [/usr/lib]
  collapse library dir [/home/liuwenxin/Percona/brpc_env/openssl_1_0_2k-install/lib/] ==> [/home/liuwenxin/Percona/brpc_env/openssl_1_0_2k-install/lib]
  collapse library dir [/home/liuwenxin/Percona/brpc_env/gflags-install/lib/] ==> [/home/liuwenxin/Percona/brpc_env/gflags-install/lib]
  collapse library dir [/home/liuwenxin/Percona/brpc_env/leveldb-install/lib64/] ==> [/home/liuwenxin/Percona/brpc_env/leveldb-install/lib64]
  collapse library dir [/home/liuwenxin/Percona/brpc_env/protobuf-install/lib64/] ==> [/home/liuwenxin/Percona/brpc_env/protobuf-install/lib64]
  collapse library dir [/home/liuwenxin/Percona/brpc_env/openssl_1_0_2k-install/lib/] ==> [/home/liuwenxin/Percona/brpc_env/openssl_1_0_2k-install/lib]
  collapse library dir [/home/liuwenxin/Percona/brpc_env/gflags-install/lib/] ==> [/home/liuwenxin/Percona/brpc_env/gflags-install/lib]
  collapse library dir [/home/liuwenxin/Percona/brpc_env/leveldb-install/lib64/] ==> [/home/liuwenxin/Percona/brpc_env/leveldb-install/lib64]
  collapse library dir [/home/liuwenxin/Percona/brpc_env/protobuf-install/lib64/] ==> [/home/liuwenxin/Percona/brpc_env/protobuf-install/lib64]
  implicit libs: [stdc++;m;gcc_s;gcc;c;gcc_s;gcc]
  implicit dirs: [/opt/rh/devtoolset-7/root/usr/lib/gcc/x86_64-redhat-linux/7;/opt/rh/devtoolset-7/root/usr/lib64;/lib64;/usr/lib64;/opt/rh/devtoolset-7/root/usr/lib;/home/liuwenxin/local/ENV/clang+llvm/lib;/lib;/usr/lib;/home/liuwenxin/Percona/brpc_env/openssl_1_0_2k-install/lib;/home/liuwenxin/Percona/brpc_env/gflags-install/lib;/home/liuwenxin/Percona/brpc_env/leveldb-install/lib64;/home/liuwenxin/Percona/brpc_env/protobuf-install/lib64]
  implicit fwks: []


Determining if the include file pthread.h exists passed with the following output:
Change Dir: /home/liuwenxin/git/Percona-tool/id-increment/part-coordinator/build/CMakeFiles/CMakeTmp

Run Build Command(s):/usr/bin/gmake cmTC_5e263/fast && /usr/bin/gmake  -f CMakeFiles/cmTC_5e263.dir/build.make CMakeFiles/cmTC_5e263.dir/build
gmake[1]: 进入目录“/home/liuwenxin/git/Percona-tool/id-increment/part-coordinator/build/CMakeFiles/CMakeTmp”
Building C object CMakeFiles/cmTC_5e263.dir/CheckIncludeFile.c.o
/home/liuwenxin/local/ENV/clang+llvm/bin/clang    -o CMakeFiles/cmTC_5e263.dir/CheckIncludeFile.c.o -c /home/liuwenxin/git/Percona-tool/id-increment/part-coordinator/build/CMakeFiles/CMakeTmp/CheckIncludeFile.c
Linking C executable cmTC_5e263
/home/liuwenxin/local/ENV/cmake-install/bin/cmake -E cmake_link_script CMakeFiles/cmTC_5e263.dir/link.txt --verbose=1
/home/liuwenxin/local/ENV/clang+llvm/bin/clang -rdynamic CMakeFiles/cmTC_5e263.dir/CheckIncludeFile.c.o -o cmTC_5e263 
gmake[1]: 离开目录“/home/liuwenxin/git/Percona-tool/id-increment/part-coordinator/build/CMakeFiles/CMakeTmp”



Determining if the function pthread_create exists in the pthread passed with the following output:
Change Dir: /home/liuwenxin/git/Percona-tool/id-increment/part-coordinator/build/CMakeFiles/CMakeTmp

Run Build Command(s):/usr/bin/gmake cmTC_bfade/fast && /usr/bin/gmake  -f CMakeFiles/cmTC_bfade.dir/build.make CMakeFiles/cmTC_bfade.dir/build
gmake[1]: 进入目录“/home/liuwenxin/git/Percona-tool/id-increment/part-coordinator/build/CMakeFiles/CMakeTmp”
Building C object CMakeFiles/cmTC_bfade.dir/CheckFunctionExists.c.o
/home/liuwenxin/local/ENV/clang+llvm/bin/clang   -DCHECK_FUNCTION_EXISTS=pthread_create -o CMakeFiles/cmTC_bfade.dir/CheckFunctionExists.c.o -c /home/liuwenxin/local/ENV/cmake-install/share/cmake-3.19/Modules/CheckFunctionExists.c
Linking C executable cmTC_bfade
/home/liuwenxin/local/ENV/cmake-install/bin/cmake -E cmake_link_script CMakeFiles/cmTC_bfade.dir/link.txt --verbose=1
/home/liuwenxin/local/ENV/clang+llvm/bin/clang  -DCHECK_FUNCTION_EXISTS=pthread_create -rdynamic CMakeFiles/cmTC_bfade.dir/CheckFunctionExists.c.o -o cmTC_bfade  -lpthread 
gmake[1]: 离开目录“/home/liuwenxin/git/Percona-tool/id-increment/part-coordinator/build/CMakeFiles/CMakeTmp”



